# JRE version: OpenJDK Runtime Environment (8.0_242-b01) (build 1.8.0_242-release-1644-b01)
# Java VM: OpenJDK 64-Bit Server VM (25.242-b01 mixed mode windows-amd64 compressed oops)
Heap:
 PSYoungGen      total 603136K, used 133485K [0x00000000d5f00000, 0x00000000ff780000, 0x0000000100000000)
  eden space 530944K, 22% used [0x00000000d5f00000,0x00000000dd4bddc0,0x00000000f6580000)
  from space 72192K, 17% used [0x00000000fb100000,0x00000000fbd9d988,0x00000000ff780000)
  to   space 74752K, 0% used [0x00000000f6580000,0x00000000f6580000,0x00000000fae80000)
 ParOldGen       total 480256K, used 79370K [0x0000000081c00000, 0x000000009f100000, 0x00000000d5f00000)
  object space 480256K, 16% used [0x0000000081c00000,0x00000000869829c8,0x000000009f100000)
 Metaspace       used 138951K, capacity 147496K, committed 157656K, reserved 1185792K
  class space    used 16935K, capacity 18366K, committed 21464K, reserved 1048576K
GC Heap History (10 events):
Event: 3829.358 GC heap before
{Heap before GC invocations=79 (full 8):
 PSYoungGen      total 598528K, used 111183K [0x00000000d5f00000, 0x00000000ff780000, 0x0000000100000000)
  eden space 525824K, 13% used [0x00000000d5f00000,0x00000000da55c598,0x00000000f6080000)
  from space 72704K, 53% used [0x00000000fb080000,0x00000000fd6b7a00,0x00000000ff780000)
  to   space 77312K, 0% used [0x00000000f6080000,0x00000000f6080000,0x00000000fac00000)
 ParOldGen       total 480256K, used 280514K [0x0000000081c00000, 0x000000009f100000, 0x00000000d5f00000)
  object space 480256K, 58% used [0x0000000081c00000,0x0000000092df0aa0,0x000000009f100000)
 Metaspace       used 159664K, capacity 169720K, committed 169944K, reserved 1198080K
  class space    used 19596K, capacity 21434K, committed 21464K, reserved 1048576K
Event: 3829.375 GC heap after
Heap after GC invocations=79 (full 8):
 PSYoungGen      total 547840K, used 21868K [0x00000000d5f00000, 0x00000000ff680000, 0x0000000100000000)
  eden space 525824K, 0% used [0x00000000d5f00000,0x00000000d5f00000,0x00000000f6080000)
  from space 22016K, 99% used [0x00000000f6080000,0x00000000f75db1b8,0x00000000f7600000)
  to   space 76800K, 0% used [0x00000000fab80000,0x00000000fab80000,0x00000000ff680000)
 ParOldGen       total 480256K, used 280522K [0x0000000081c00000, 0x000000009f100000, 0x00000000d5f00000)
  object space 480256K, 58% used [0x0000000081c00000,0x0000000092df2aa0,0x000000009f100000)
 Metaspace       used 159664K, capacity 169720K, committed 169944K, reserved 1198080K
  class space    used 19596K, capacity 21434K, committed 21464K, reserved 1048576K
}
Event: 3829.375 GC heap before
{Heap before GC invocations=80 (full 9):
 PSYoungGen      total 547840K, used 21868K [0x00000000d5f00000, 0x00000000ff680000, 0x0000000100000000)
  eden space 525824K, 0% used [0x00000000d5f00000,0x00000000d5f00000,0x00000000f6080000)
  from space 22016K, 99% used [0x00000000f6080000,0x00000000f75db1b8,0x00000000f7600000)
  to   space 76800K, 0% used [0x00000000fab80000,0x00000000fab80000,0x00000000ff680000)
 ParOldGen       total 480256K, used 280522K [0x0000000081c00000, 0x000000009f100000, 0x00000000d5f00000)
  object space 480256K, 58% used [0x0000000081c00000,0x0000000092df2aa0,0x000000009f100000)
 Metaspace       used 159664K, capacity 169720K, committed 169944K, reserved 1198080K
  class space    used 19596K, capacity 21434K, committed 21464K, reserved 1048576K
Event: 3830.319 GC heap after
Heap after GC invocations=80 (full 9):
 PSYoungGen      total 547840K, used 0K [0x00000000d5f00000, 0x00000000ff680000, 0x0000000100000000)
  eden space 525824K, 0% used [0x00000000d5f00000,0x00000000d5f00000,0x00000000f6080000)
  from space 22016K, 0% used [0x00000000f6080000,0x00000000f6080000,0x00000000f7600000)
  to   space 76800K, 0% used [0x00000000fab80000,0x00000000fab80000,0x00000000ff680000)
 ParOldGen       total 480256K, used 79346K [0x0000000081c00000, 0x000000009f100000, 0x00000000d5f00000)
  object space 480256K, 16% used [0x0000000081c00000,0x000000008697c9c8,0x000000009f100000)
 Metaspace       used 134486K, capacity 141688K, committed 157656K, reserved 1185792K
  class space    used 16405K, capacity 17646K, committed 21464K, reserved 1048576K
}
Event: 4487.169 GC heap before
{Heap before GC invocations=81 (full 9):
 PSYoungGen      total 547840K, used 525824K [0x00000000d5f00000, 0x00000000ff680000, 0x0000000100000000)
  eden space 525824K, 100% used [0x00000000d5f00000,0x00000000f6080000,0x00000000f6080000)
  from space 22016K, 0% used [0x00000000f6080000,0x00000000f6080000,0x00000000f7600000)
  to   space 76800K, 0% used [0x00000000fab80000,0x00000000fab80000,0x00000000ff680000)
 ParOldGen       total 480256K, used 79346K [0x0000000081c00000, 0x000000009f100000, 0x00000000d5f00000)
  object space 480256K, 16% used [0x0000000081c00000,0x000000008697c9c8,0x000000009f100000)
 Metaspace       used 136513K, capacity 144830K, committed 157656K, reserved 1185792K
  class space    used 16691K, capacity 18087K, committed 21464K, reserved 1048576K
Event: 4487.196 GC heap after
Heap after GC invocations=81 (full 9):
 PSYoungGen      total 602112K, used 12204K [0x00000000d5f00000, 0x0000000100000000, 0x0000000100000000)
  eden space 525312K, 0% used [0x00000000d5f00000,0x00000000d5f00000,0x00000000f6000000)
  from space 76800K, 15% used [0x00000000fab80000,0x00000000fb76b238,0x00000000ff680000)
  to   space 77312K, 0% used [0x00000000f6000000,0x00000000f6000000,0x00000000fab80000)
 ParOldGen       total 480256K, used 79354K [0x0000000081c00000, 0x000000009f100000, 0x00000000d5f00000)
  object space 480256K, 16% used [0x0000000081c00000,0x000000008697e9c8,0x000000009f100000)
 Metaspace       used 136513K, capacity 144830K, committed 157656K, reserved 1185792K
  class space    used 16691K, capacity 18087K, committed 21464K, reserved 1048576K
}
Event: 4552.867 GC heap before
{Heap before GC invocations=82 (full 9):
 PSYoungGen      total 602112K, used 537516K [0x00000000d5f00000, 0x0000000100000000, 0x0000000100000000)
  eden space 525312K, 100% used [0x00000000d5f00000,0x00000000f6000000,0x00000000f6000000)
  from space 76800K, 15% used [0x00000000fab80000,0x00000000fb76b238,0x00000000ff680000)
  to   space 77312K, 0% used [0x00000000f6000000,0x00000000f6000000,0x00000000fab80000)
 ParOldGen       total 480256K, used 79354K [0x0000000081c00000, 0x000000009f100000, 0x00000000d5f00000)
  object space 480256K, 16% used [0x0000000081c00000,0x000000008697e9c8,0x000000009f100000)
 Metaspace       used 137746K, capacity 146102K, committed 157656K, reserved 1185792K
  class space    used 16814K, capacity 18227K, committed 21464K, reserved 1048576K
Event: 4552.889 GC heap after
Heap after GC invocations=82 (full 9):
 PSYoungGen      total 602624K, used 19173K [0x00000000d5f00000, 0x00000000ffb00000, 0x0000000100000000)
  eden space 525312K, 0% used [0x00000000d5f00000,0x00000000d5f00000,0x00000000f6000000)
  from space 77312K, 24% used [0x00000000f6000000,0x00000000f72b94d8,0x00000000fab80000)
  to   space 75776K, 0% used [0x00000000fb100000,0x00000000fb100000,0x00000000ffb00000)
 ParOldGen       total 480256K, used 79362K [0x0000000081c00000, 0x000000009f100000, 0x00000000d5f00000)
  object space 480256K, 16% used [0x0000000081c00000,0x00000000869809c8,0x000000009f100000)
 Metaspace       used 137746K, capacity 146102K, committed 157656K, reserved 1185792K
  class space    used 16814K, capacity 18227K, committed 21464K, reserved 1048576K
}
Event: 4761.160 GC heap before
{Heap before GC invocations=83 (full 9):
 PSYoungGen      total 602624K, used 544485K [0x00000000d5f00000, 0x00000000ffb00000, 0x0000000100000000)
  eden space 525312K, 100% used [0x00000000d5f00000,0x00000000f6000000,0x00000000f6000000)
  from space 77312K, 24% used [0x00000000f6000000,0x00000000f72b94d8,0x00000000fab80000)
  to   space 75776K, 0% used [0x00000000fb100000,0x00000000fb100000,0x00000000ffb00000)
 ParOldGen       total 480256K, used 79362K [0x0000000081c00000, 0x000000009f100000, 0x00000000d5f00000)
  object space 480256K, 16% used [0x0000000081c00000,0x00000000869809c8,0x000000009f100000)
 Metaspace       used 138940K, capacity 147492K, committed 157656K, reserved 1185792K
  class space    used 16935K, capacity 18366K, committed 21464K, reserved 1048576K
Event: 4761.175 GC heap after
Heap after GC invocations=83 (full 9):
 PSYoungGen      total 603136K, used 12918K [0x00000000d5f00000, 0x00000000ff780000, 0x0000000100000000)
  eden space 530944K, 0% used [0x00000000d5f00000,0x00000000d5f00000,0x00000000f6580000)
  from space 72192K, 17% used [0x00000000fb100000,0x00000000fbd9d988,0x00000000ff780000)
  to   space 74752K, 0% used [0x00000000f6580000,0x00000000f6580000,0x00000000fae80000)
 ParOldGen       total 480256K, used 79370K [0x0000000081c00000, 0x000000009f100000, 0x00000000d5f00000)
  object space 480256K, 16% used [0x0000000081c00000,0x00000000869829c8,0x000000009f100000)
 Metaspace       used 138940K, capacity 147492K, committed 157656K, reserved 1185792K
  class space    used 16935K, capacity 18366K, committed 21464K, reserved 1048576K
}

